DEBUG [2018-08-29 19:53:38] C:\Python27\lib\site-packages\django\db\backends\utils.py 89 execute 37836 31236 
 	 (0.007) SET SQL_AUTO_IS_NULL = 0; args=None 

DEBUG [2018-08-29 19:53:39] C:\Python27\lib\site-packages\django\db\backends\utils.py 89 execute 37836 31236 
 	 (0.000) SET SQL_AUTO_IS_NULL = 0; args=None 

DEBUG [2018-08-29 19:53:39] C:\Python27\lib\site-packages\django\db\backends\utils.py 89 execute 37836 31236 
 	 (0.099) SHOW FULL TABLES; args=None 

DEBUG [2018-08-29 19:53:39] C:\Python27\lib\site-packages\django\db\backends\utils.py 89 execute 37836 31236 
 	 (0.005) SELECT `django_migrations`.`app`, `django_migrations`.`name` FROM `django_migrations`; args=() 

DEBUG [2018-08-29 19:53:39] C:\Python27\lib\site-packages\django\db\backends\utils.py 89 execute 37836 31236 
 	 (0.006) SHOW FULL TABLES; args=None 

DEBUG [2018-08-29 19:53:39] C:\Python27\lib\site-packages\django\db\backends\utils.py 89 execute 37836 31236 
 	 (0.000) SET SQL_AUTO_IS_NULL = 0; args=None 

DEBUG [2018-08-29 19:53:39] C:\Python27\lib\site-packages\django\db\backends\utils.py 89 execute 37836 31236 
 	 (0.000) SET SQL_AUTO_IS_NULL = 0; args=None 

DEBUG [2018-08-29 19:53:39] C:\Python27\lib\site-packages\django\db\backends\utils.py 89 execute 37836 31236 
 	 (0.000) SET SQL_AUTO_IS_NULL = 0; args=None 

DEBUG [2018-08-29 19:53:39] C:\Python27\lib\site-packages\django\db\backends\utils.py 89 execute 37836 31236 
 	 (0.004) SHOW FULL TABLES; args=None 

DEBUG [2018-08-29 19:53:39] C:\Python27\lib\site-packages\django\db\backends\utils.py 89 execute 37836 31236 
 	 (0.000) SELECT `django_migrations`.`app`, `django_migrations`.`name` FROM `django_migrations`; args=() 

DEBUG [2018-08-29 19:53:39] C:\Python27\lib\site-packages\django\db\backends\utils.py 89 execute 37836 31236 
 	 (0.001) SELECT `django_content_type`.`id`, `django_content_type`.`app_label`, `django_content_type`.`model` FROM `django_content_type` WHERE (`django_content_type`.`model` = 'permission' AND `django_content_type`.`app_label` = 'auth'); args=('permission', 'auth') 

DEBUG [2018-08-29 19:53:39] C:\Python27\lib\site-packages\django\db\backends\utils.py 89 execute 37836 31236 
 	 (0.000) SELECT `django_content_type`.`id`, `django_content_type`.`app_label`, `django_content_type`.`model` FROM `django_content_type` WHERE (`django_content_type`.`model` = 'group' AND `django_content_type`.`app_label` = 'auth'); args=('group', 'auth') 

DEBUG [2018-08-29 19:53:39] C:\Python27\lib\site-packages\django\db\backends\utils.py 89 execute 37836 31236 
 	 (0.001) SELECT `auth_permission`.`content_type_id`, `auth_permission`.`codename` FROM `auth_permission` INNER JOIN `django_content_type` ON ( `auth_permission`.`content_type_id` = `django_content_type`.`id` ) WHERE `auth_permission`.`content_type_id` IN (1, 2) ORDER BY `django_content_type`.`app_label` ASC, `django_content_type`.`model` ASC, `auth_permission`.`codename` ASC; args=(1, 2) 

DEBUG [2018-08-29 19:53:39] C:\Python27\lib\site-packages\django\db\backends\utils.py 89 execute 37836 31236 
 	 (0.000) SELECT `django_content_type`.`id`, `django_content_type`.`app_label`, `django_content_type`.`model` FROM `django_content_type` WHERE `django_content_type`.`app_label` = 'auth'; args=('auth',) 

DEBUG [2018-08-29 19:53:39] C:\Python27\lib\site-packages\django\db\backends\utils.py 89 execute 37836 31236 
 	 (0.000) SELECT `django_content_type`.`id`, `django_content_type`.`app_label`, `django_content_type`.`model` FROM `django_content_type` WHERE (`django_content_type`.`model` = 'contenttype' AND `django_content_type`.`app_label` = 'contenttypes'); args=('contenttype', 'contenttypes') 

DEBUG [2018-08-29 19:53:39] C:\Python27\lib\site-packages\django\db\backends\utils.py 89 execute 37836 31236 
 	 (0.001) SELECT `auth_permission`.`content_type_id`, `auth_permission`.`codename` FROM `auth_permission` INNER JOIN `django_content_type` ON ( `auth_permission`.`content_type_id` = `django_content_type`.`id` ) WHERE `auth_permission`.`content_type_id` IN (3) ORDER BY `django_content_type`.`app_label` ASC, `django_content_type`.`model` ASC, `auth_permission`.`codename` ASC; args=(3,) 

DEBUG [2018-08-29 19:53:39] C:\Python27\lib\site-packages\django\db\backends\utils.py 89 execute 37836 31236 
 	 (0.001) SELECT `django_content_type`.`id`, `django_content_type`.`app_label`, `django_content_type`.`model` FROM `django_content_type` WHERE `django_content_type`.`app_label` = 'contenttypes'; args=('contenttypes',) 

DEBUG [2018-08-29 19:53:39] C:\Python27\lib\site-packages\django\db\backends\utils.py 89 execute 37836 31236 
 	 (0.001) SELECT `django_content_type`.`id`, `django_content_type`.`app_label`, `django_content_type`.`model` FROM `django_content_type` WHERE (`django_content_type`.`model` = 'session' AND `django_content_type`.`app_label` = 'sessions'); args=('session', 'sessions') 

DEBUG [2018-08-29 19:53:39] C:\Python27\lib\site-packages\django\db\backends\utils.py 89 execute 37836 31236 
 	 (0.001) SELECT `auth_permission`.`content_type_id`, `auth_permission`.`codename` FROM `auth_permission` INNER JOIN `django_content_type` ON ( `auth_permission`.`content_type_id` = `django_content_type`.`id` ) WHERE `auth_permission`.`content_type_id` IN (4) ORDER BY `django_content_type`.`app_label` ASC, `django_content_type`.`model` ASC, `auth_permission`.`codename` ASC; args=(4,) 

DEBUG [2018-08-29 19:53:39] C:\Python27\lib\site-packages\django\db\backends\utils.py 89 execute 37836 31236 
 	 (0.001) SELECT `django_content_type`.`id`, `django_content_type`.`app_label`, `django_content_type`.`model` FROM `django_content_type` WHERE `django_content_type`.`app_label` = 'sessions'; args=('sessions',) 

DEBUG [2018-08-29 19:53:39] C:\Python27\lib\site-packages\django\db\backends\utils.py 89 execute 37836 31236 
 	 (0.001) SELECT `django_content_type`.`id`, `django_content_type`.`app_label`, `django_content_type`.`model` FROM `django_content_type` WHERE (`django_content_type`.`model` = 'site' AND `django_content_type`.`app_label` = 'sites'); args=('site', 'sites') 

DEBUG [2018-08-29 19:53:39] C:\Python27\lib\site-packages\django\db\backends\utils.py 89 execute 37836 31236 
 	 (0.000) SELECT `auth_permission`.`content_type_id`, `auth_permission`.`codename` FROM `auth_permission` INNER JOIN `django_content_type` ON ( `auth_permission`.`content_type_id` = `django_content_type`.`id` ) WHERE `auth_permission`.`content_type_id` IN (5) ORDER BY `django_content_type`.`app_label` ASC, `django_content_type`.`model` ASC, `auth_permission`.`codename` ASC; args=(5,) 

DEBUG [2018-08-29 19:53:39] C:\Python27\lib\site-packages\django\db\backends\utils.py 89 execute 37836 31236 
 	 (0.000) SELECT `django_content_type`.`id`, `django_content_type`.`app_label`, `django_content_type`.`model` FROM `django_content_type` WHERE `django_content_type`.`app_label` = 'sites'; args=('sites',) 

DEBUG [2018-08-29 19:53:39] C:\Python27\lib\site-packages\django\db\backends\utils.py 89 execute 37836 31236 
 	 (0.001) SELECT (1) AS `a` FROM `django_site` LIMIT 1; args=() 

DEBUG [2018-08-29 19:53:39] C:\Python27\lib\site-packages\django\db\backends\utils.py 89 execute 37836 31236 
 	 (0.000) SELECT `django_content_type`.`id`, `django_content_type`.`app_label`, `django_content_type`.`model` FROM `django_content_type` WHERE (`django_content_type`.`model` = 'logentry' AND `django_content_type`.`app_label` = 'admin'); args=('logentry', 'admin') 

DEBUG [2018-08-29 19:53:39] C:\Python27\lib\site-packages\django\db\backends\utils.py 89 execute 37836 31236 
 	 (0.000) SELECT `auth_permission`.`content_type_id`, `auth_permission`.`codename` FROM `auth_permission` INNER JOIN `django_content_type` ON ( `auth_permission`.`content_type_id` = `django_content_type`.`id` ) WHERE `auth_permission`.`content_type_id` IN (6) ORDER BY `django_content_type`.`app_label` ASC, `django_content_type`.`model` ASC, `auth_permission`.`codename` ASC; args=(6,) 

DEBUG [2018-08-29 19:53:39] C:\Python27\lib\site-packages\django\db\backends\utils.py 89 execute 37836 31236 
 	 (0.000) SELECT `django_content_type`.`id`, `django_content_type`.`app_label`, `django_content_type`.`model` FROM `django_content_type` WHERE `django_content_type`.`app_label` = 'admin'; args=('admin',) 

DEBUG [2018-08-29 19:53:39] C:\Python27\lib\site-packages\django\db\backends\utils.py 89 execute 37836 31236 
 	 (0.001) SELECT `django_content_type`.`id`, `django_content_type`.`app_label`, `django_content_type`.`model` FROM `django_content_type` WHERE (`django_content_type`.`model` = 'functioncontroller' AND `django_content_type`.`app_label` = 'app_control'); args=('functioncontroller', 'app_control') 

DEBUG [2018-08-29 19:53:39] C:\Python27\lib\site-packages\django\db\backends\utils.py 89 execute 37836 31236 
 	 (0.000) SELECT `auth_permission`.`content_type_id`, `auth_permission`.`codename` FROM `auth_permission` INNER JOIN `django_content_type` ON ( `auth_permission`.`content_type_id` = `django_content_type`.`id` ) WHERE `auth_permission`.`content_type_id` IN (7) ORDER BY `django_content_type`.`app_label` ASC, `django_content_type`.`model` ASC, `auth_permission`.`codename` ASC; args=(7,) 

DEBUG [2018-08-29 19:53:39] C:\Python27\lib\site-packages\django\db\backends\utils.py 89 execute 37836 31236 
 	 (0.000) SELECT `django_content_type`.`id`, `django_content_type`.`app_label`, `django_content_type`.`model` FROM `django_content_type` WHERE `django_content_type`.`app_label` = 'app_control'; args=('app_control',) 

DEBUG [2018-08-29 19:53:39] C:\Python27\lib\site-packages\django\db\backends\utils.py 89 execute 37836 31236 
 	 (0.000) SELECT `django_content_type`.`id`, `django_content_type`.`app_label`, `django_content_type`.`model` FROM `django_content_type` WHERE (`django_content_type`.`model` = 'bkuser' AND `django_content_type`.`app_label` = 'account'); args=('bkuser', 'account') 

DEBUG [2018-08-29 19:53:39] C:\Python27\lib\site-packages\django\db\backends\utils.py 89 execute 37836 31236 
 	 (0.001) SELECT `auth_permission`.`content_type_id`, `auth_permission`.`codename` FROM `auth_permission` INNER JOIN `django_content_type` ON ( `auth_permission`.`content_type_id` = `django_content_type`.`id` ) WHERE `auth_permission`.`content_type_id` IN (8) ORDER BY `django_content_type`.`app_label` ASC, `django_content_type`.`model` ASC, `auth_permission`.`codename` ASC; args=(8,) 

DEBUG [2018-08-29 19:53:39] C:\Python27\lib\site-packages\django\db\backends\utils.py 89 execute 37836 31236 
 	 (0.001) SELECT `django_content_type`.`id`, `django_content_type`.`app_label`, `django_content_type`.`model` FROM `django_content_type` WHERE `django_content_type`.`app_label` = 'account'; args=('account',) 

DEBUG [2018-08-29 19:53:39] C:\Python27\lib\site-packages\django\db\backends\utils.py 89 execute 37836 31236 
 	 (0.000) SELECT `django_content_type`.`id`, `django_content_type`.`app_label`, `django_content_type`.`model` FROM `django_content_type` WHERE (`django_content_type`.`model` = 'taskmeta' AND `django_content_type`.`app_label` = 'djcelery'); args=('taskmeta', 'djcelery') 

DEBUG [2018-08-29 19:53:39] C:\Python27\lib\site-packages\django\db\backends\utils.py 89 execute 37836 31236 
 	 (0.000) SELECT `django_content_type`.`id`, `django_content_type`.`app_label`, `django_content_type`.`model` FROM `django_content_type` WHERE (`django_content_type`.`model` = 'tasksetmeta' AND `django_content_type`.`app_label` = 'djcelery'); args=('tasksetmeta', 'djcelery') 

DEBUG [2018-08-29 19:53:39] C:\Python27\lib\site-packages\django\db\backends\utils.py 89 execute 37836 31236 
 	 (0.000) SELECT `django_content_type`.`id`, `django_content_type`.`app_label`, `django_content_type`.`model` FROM `django_content_type` WHERE (`django_content_type`.`model` = 'intervalschedule' AND `django_content_type`.`app_label` = 'djcelery'); args=('intervalschedule', 'djcelery') 

DEBUG [2018-08-29 19:53:39] C:\Python27\lib\site-packages\django\db\backends\utils.py 89 execute 37836 31236 
 	 (0.000) SELECT `django_content_type`.`id`, `django_content_type`.`app_label`, `django_content_type`.`model` FROM `django_content_type` WHERE (`django_content_type`.`model` = 'crontabschedule' AND `django_content_type`.`app_label` = 'djcelery'); args=('crontabschedule', 'djcelery') 

DEBUG [2018-08-29 19:53:39] C:\Python27\lib\site-packages\django\db\backends\utils.py 89 execute 37836 31236 
 	 (0.000) SELECT `django_content_type`.`id`, `django_content_type`.`app_label`, `django_content_type`.`model` FROM `django_content_type` WHERE (`django_content_type`.`model` = 'periodictasks' AND `django_content_type`.`app_label` = 'djcelery'); args=('periodictasks', 'djcelery') 

DEBUG [2018-08-29 19:53:39] C:\Python27\lib\site-packages\django\db\backends\utils.py 89 execute 37836 31236 
 	 (0.000) SELECT `django_content_type`.`id`, `django_content_type`.`app_label`, `django_content_type`.`model` FROM `django_content_type` WHERE (`django_content_type`.`model` = 'periodictask' AND `django_content_type`.`app_label` = 'djcelery'); args=('periodictask', 'djcelery') 

DEBUG [2018-08-29 19:53:39] C:\Python27\lib\site-packages\django\db\backends\utils.py 89 execute 37836 31236 
 	 (0.000) SELECT `django_content_type`.`id`, `django_content_type`.`app_label`, `django_content_type`.`model` FROM `django_content_type` WHERE (`django_content_type`.`model` = 'workerstate' AND `django_content_type`.`app_label` = 'djcelery'); args=('workerstate', 'djcelery') 

DEBUG [2018-08-29 19:53:39] C:\Python27\lib\site-packages\django\db\backends\utils.py 89 execute 37836 31236 
 	 (0.000) SELECT `django_content_type`.`id`, `django_content_type`.`app_label`, `django_content_type`.`model` FROM `django_content_type` WHERE (`django_content_type`.`model` = 'taskstate' AND `django_content_type`.`app_label` = 'djcelery'); args=('taskstate', 'djcelery') 

DEBUG [2018-08-29 19:53:39] C:\Python27\lib\site-packages\django\db\backends\utils.py 89 execute 37836 31236 
 	 (0.001) SELECT `auth_permission`.`content_type_id`, `auth_permission`.`codename` FROM `auth_permission` INNER JOIN `django_content_type` ON ( `auth_permission`.`content_type_id` = `django_content_type`.`id` ) WHERE `auth_permission`.`content_type_id` IN (9, 10, 11, 12, 13, 14, 15, 16) ORDER BY `django_content_type`.`app_label` ASC, `django_content_type`.`model` ASC, `auth_permission`.`codename` ASC; args=(9, 10, 11, 12, 13, 14, 15, 16) 

DEBUG [2018-08-29 19:53:39] C:\Python27\lib\site-packages\django\db\backends\utils.py 89 execute 37836 31236 
 	 (0.000) SELECT `django_content_type`.`id`, `django_content_type`.`app_label`, `django_content_type`.`model` FROM `django_content_type` WHERE `django_content_type`.`app_label` = 'djcelery'; args=('djcelery',) 

DEBUG [2018-08-29 19:53:59] C:\Python27\lib\site-packages\django\db\backends\utils.py 89 execute 26952 3504 
 	 (0.001) SET SQL_AUTO_IS_NULL = 0; args=None 

DEBUG [2018-08-29 19:54:00] C:\Python27\lib\site-packages\django\db\backends\utils.py 89 execute 26952 3504 
 	 (0.001) SET SQL_AUTO_IS_NULL = 0; args=None 

DEBUG [2018-08-29 19:54:00] C:\Python27\lib\site-packages\django\db\backends\utils.py 89 execute 26952 3504 
 	 (0.007) SHOW FULL TABLES; args=None 

DEBUG [2018-08-29 19:54:00] C:\Python27\lib\site-packages\django\db\backends\utils.py 89 execute 26952 3504 
 	 (0.001) SELECT `django_migrations`.`app`, `django_migrations`.`name` FROM `django_migrations`; args=() 

DEBUG [2018-08-29 19:54:26] C:\Python27\lib\site-packages\django\db\backends\utils.py 89 execute 26952 4640 
 	 (0.000) SET SQL_AUTO_IS_NULL = 0; args=None 

DEBUG [2018-08-29 19:54:26] C:\Python27\lib\site-packages\django\db\backends\utils.py 89 execute 26952 4640 
 	 (0.001) SELECT `account_bkuser`.`id`, `account_bkuser`.`password`, `account_bkuser`.`last_login`, `account_bkuser`.`is_superuser`, `account_bkuser`.`username`, `account_bkuser`.`chname`, `account_bkuser`.`company`, `account_bkuser`.`qq`, `account_bkuser`.`phone`, `account_bkuser`.`email`, `account_bkuser`.`is_staff`, `account_bkuser`.`date_joined` FROM `account_bkuser` WHERE `account_bkuser`.`username` IS NULL; args=() 

DEBUG [2018-08-29 20:03:55] C:\Python27\lib\site-packages\django\db\backends\utils.py 89 execute 39488 34268 
 	 (0.000) SET SQL_AUTO_IS_NULL = 0; args=None 

DEBUG [2018-08-29 20:03:55] C:\Python27\lib\site-packages\django\db\backends\utils.py 89 execute 39488 34268 
 	 (0.000) SET SQL_AUTO_IS_NULL = 0; args=None 

DEBUG [2018-08-29 20:03:55] C:\Python27\lib\site-packages\django\db\backends\utils.py 89 execute 39488 34268 
 	 (0.003) SHOW FULL TABLES; args=None 

DEBUG [2018-08-29 20:03:55] C:\Python27\lib\site-packages\django\db\backends\utils.py 89 execute 39488 34268 
 	 (0.001) SELECT `django_migrations`.`app`, `django_migrations`.`name` FROM `django_migrations`; args=() 

DEBUG [2018-08-29 20:03:55] C:\Python27\lib\site-packages\django\db\backends\utils.py 89 execute 39488 34268 
 	 (0.003) SHOW FULL TABLES; args=None 

DEBUG [2018-08-29 20:03:55] C:\Python27\lib\site-packages\django\db\backends\utils.py 89 execute 39488 34268 
 	 (0.001) SET SQL_AUTO_IS_NULL = 0; args=None 

DEBUG [2018-08-29 20:03:55] C:\Python27\lib\site-packages\django\db\backends\utils.py 89 execute 39488 34268 
 	 (0.000) SET SQL_AUTO_IS_NULL = 0; args=None 

DEBUG [2018-08-29 20:03:55] C:\Python27\lib\site-packages\django\db\backends\utils.py 89 execute 39488 34268 
 	 (0.000) SET SQL_AUTO_IS_NULL = 0; args=None 

DEBUG [2018-08-29 20:03:55] C:\Python27\lib\site-packages\django\db\backends\utils.py 89 execute 39488 34268 
 	 (0.003) SHOW FULL TABLES; args=None 

DEBUG [2018-08-29 20:03:55] C:\Python27\lib\site-packages\django\db\backends\utils.py 89 execute 39488 34268 
 	 (0.000) SELECT `django_migrations`.`app`, `django_migrations`.`name` FROM `django_migrations`; args=() 

DEBUG [2018-08-29 20:03:55] C:\Python27\lib\site-packages\django\db\backends\utils.py 89 execute 39488 34268 
 	 (0.001) SELECT `django_content_type`.`id`, `django_content_type`.`app_label`, `django_content_type`.`model` FROM `django_content_type` WHERE (`django_content_type`.`model` = 'permission' AND `django_content_type`.`app_label` = 'auth'); args=('permission', 'auth') 

DEBUG [2018-08-29 20:03:55] C:\Python27\lib\site-packages\django\db\backends\utils.py 89 execute 39488 34268 
 	 (0.001) SELECT `django_content_type`.`id`, `django_content_type`.`app_label`, `django_content_type`.`model` FROM `django_content_type` WHERE (`django_content_type`.`model` = 'group' AND `django_content_type`.`app_label` = 'auth'); args=('group', 'auth') 

DEBUG [2018-08-29 20:03:55] C:\Python27\lib\site-packages\django\db\backends\utils.py 89 execute 39488 34268 
 	 (0.000) SELECT `auth_permission`.`content_type_id`, `auth_permission`.`codename` FROM `auth_permission` INNER JOIN `django_content_type` ON ( `auth_permission`.`content_type_id` = `django_content_type`.`id` ) WHERE `auth_permission`.`content_type_id` IN (1, 2) ORDER BY `django_content_type`.`app_label` ASC, `django_content_type`.`model` ASC, `auth_permission`.`codename` ASC; args=(1, 2) 

DEBUG [2018-08-29 20:03:55] C:\Python27\lib\site-packages\django\db\backends\utils.py 89 execute 39488 34268 
 	 (0.001) SELECT `django_content_type`.`id`, `django_content_type`.`app_label`, `django_content_type`.`model` FROM `django_content_type` WHERE `django_content_type`.`app_label` = 'auth'; args=('auth',) 

DEBUG [2018-08-29 20:03:55] C:\Python27\lib\site-packages\django\db\backends\utils.py 89 execute 39488 34268 
 	 (0.000) SELECT `django_content_type`.`id`, `django_content_type`.`app_label`, `django_content_type`.`model` FROM `django_content_type` WHERE (`django_content_type`.`model` = 'contenttype' AND `django_content_type`.`app_label` = 'contenttypes'); args=('contenttype', 'contenttypes') 

DEBUG [2018-08-29 20:03:55] C:\Python27\lib\site-packages\django\db\backends\utils.py 89 execute 39488 34268 
 	 (0.000) SELECT `auth_permission`.`content_type_id`, `auth_permission`.`codename` FROM `auth_permission` INNER JOIN `django_content_type` ON ( `auth_permission`.`content_type_id` = `django_content_type`.`id` ) WHERE `auth_permission`.`content_type_id` IN (3) ORDER BY `django_content_type`.`app_label` ASC, `django_content_type`.`model` ASC, `auth_permission`.`codename` ASC; args=(3,) 

DEBUG [2018-08-29 20:03:55] C:\Python27\lib\site-packages\django\db\backends\utils.py 89 execute 39488 34268 
 	 (0.000) SELECT `django_content_type`.`id`, `django_content_type`.`app_label`, `django_content_type`.`model` FROM `django_content_type` WHERE `django_content_type`.`app_label` = 'contenttypes'; args=('contenttypes',) 

DEBUG [2018-08-29 20:03:55] C:\Python27\lib\site-packages\django\db\backends\utils.py 89 execute 39488 34268 
 	 (0.000) SELECT `django_content_type`.`id`, `django_content_type`.`app_label`, `django_content_type`.`model` FROM `django_content_type` WHERE (`django_content_type`.`model` = 'session' AND `django_content_type`.`app_label` = 'sessions'); args=('session', 'sessions') 

DEBUG [2018-08-29 20:03:55] C:\Python27\lib\site-packages\django\db\backends\utils.py 89 execute 39488 34268 
 	 (0.001) SELECT `auth_permission`.`content_type_id`, `auth_permission`.`codename` FROM `auth_permission` INNER JOIN `django_content_type` ON ( `auth_permission`.`content_type_id` = `django_content_type`.`id` ) WHERE `auth_permission`.`content_type_id` IN (4) ORDER BY `django_content_type`.`app_label` ASC, `django_content_type`.`model` ASC, `auth_permission`.`codename` ASC; args=(4,) 

DEBUG [2018-08-29 20:03:55] C:\Python27\lib\site-packages\django\db\backends\utils.py 89 execute 39488 34268 
 	 (0.001) SELECT `django_content_type`.`id`, `django_content_type`.`app_label`, `django_content_type`.`model` FROM `django_content_type` WHERE `django_content_type`.`app_label` = 'sessions'; args=('sessions',) 

DEBUG [2018-08-29 20:03:55] C:\Python27\lib\site-packages\django\db\backends\utils.py 89 execute 39488 34268 
 	 (0.000) SELECT `django_content_type`.`id`, `django_content_type`.`app_label`, `django_content_type`.`model` FROM `django_content_type` WHERE (`django_content_type`.`model` = 'site' AND `django_content_type`.`app_label` = 'sites'); args=('site', 'sites') 

DEBUG [2018-08-29 20:03:55] C:\Python27\lib\site-packages\django\db\backends\utils.py 89 execute 39488 34268 
 	 (0.001) SELECT `auth_permission`.`content_type_id`, `auth_permission`.`codename` FROM `auth_permission` INNER JOIN `django_content_type` ON ( `auth_permission`.`content_type_id` = `django_content_type`.`id` ) WHERE `auth_permission`.`content_type_id` IN (5) ORDER BY `django_content_type`.`app_label` ASC, `django_content_type`.`model` ASC, `auth_permission`.`codename` ASC; args=(5,) 

DEBUG [2018-08-29 20:03:55] C:\Python27\lib\site-packages\django\db\backends\utils.py 89 execute 39488 34268 
 	 (0.001) SELECT `django_content_type`.`id`, `django_content_type`.`app_label`, `django_content_type`.`model` FROM `django_content_type` WHERE `django_content_type`.`app_label` = 'sites'; args=('sites',) 

DEBUG [2018-08-29 20:03:55] C:\Python27\lib\site-packages\django\db\backends\utils.py 89 execute 39488 34268 
 	 (0.001) SELECT (1) AS `a` FROM `django_site` LIMIT 1; args=() 

DEBUG [2018-08-29 20:03:55] C:\Python27\lib\site-packages\django\db\backends\utils.py 89 execute 39488 34268 
 	 (0.001) SELECT `django_content_type`.`id`, `django_content_type`.`app_label`, `django_content_type`.`model` FROM `django_content_type` WHERE (`django_content_type`.`model` = 'logentry' AND `django_content_type`.`app_label` = 'admin'); args=('logentry', 'admin') 

DEBUG [2018-08-29 20:03:55] C:\Python27\lib\site-packages\django\db\backends\utils.py 89 execute 39488 34268 
 	 (0.001) SELECT `auth_permission`.`content_type_id`, `auth_permission`.`codename` FROM `auth_permission` INNER JOIN `django_content_type` ON ( `auth_permission`.`content_type_id` = `django_content_type`.`id` ) WHERE `auth_permission`.`content_type_id` IN (6) ORDER BY `django_content_type`.`app_label` ASC, `django_content_type`.`model` ASC, `auth_permission`.`codename` ASC; args=(6,) 

DEBUG [2018-08-29 20:03:55] C:\Python27\lib\site-packages\django\db\backends\utils.py 89 execute 39488 34268 
 	 (0.000) SELECT `django_content_type`.`id`, `django_content_type`.`app_label`, `django_content_type`.`model` FROM `django_content_type` WHERE `django_content_type`.`app_label` = 'admin'; args=('admin',) 

DEBUG [2018-08-29 20:03:55] C:\Python27\lib\site-packages\django\db\backends\utils.py 89 execute 39488 34268 
 	 (0.001) SELECT `django_content_type`.`id`, `django_content_type`.`app_label`, `django_content_type`.`model` FROM `django_content_type` WHERE (`django_content_type`.`model` = 'functioncontroller' AND `django_content_type`.`app_label` = 'app_control'); args=('functioncontroller', 'app_control') 

DEBUG [2018-08-29 20:03:55] C:\Python27\lib\site-packages\django\db\backends\utils.py 89 execute 39488 34268 
 	 (0.001) SELECT `auth_permission`.`content_type_id`, `auth_permission`.`codename` FROM `auth_permission` INNER JOIN `django_content_type` ON ( `auth_permission`.`content_type_id` = `django_content_type`.`id` ) WHERE `auth_permission`.`content_type_id` IN (7) ORDER BY `django_content_type`.`app_label` ASC, `django_content_type`.`model` ASC, `auth_permission`.`codename` ASC; args=(7,) 

DEBUG [2018-08-29 20:03:55] C:\Python27\lib\site-packages\django\db\backends\utils.py 89 execute 39488 34268 
 	 (0.000) SELECT `django_content_type`.`id`, `django_content_type`.`app_label`, `django_content_type`.`model` FROM `django_content_type` WHERE `django_content_type`.`app_label` = 'app_control'; args=('app_control',) 

DEBUG [2018-08-29 20:03:55] C:\Python27\lib\site-packages\django\db\backends\utils.py 89 execute 39488 34268 
 	 (0.000) SELECT `django_content_type`.`id`, `django_content_type`.`app_label`, `django_content_type`.`model` FROM `django_content_type` WHERE (`django_content_type`.`model` = 'bkuser' AND `django_content_type`.`app_label` = 'account'); args=('bkuser', 'account') 

DEBUG [2018-08-29 20:03:55] C:\Python27\lib\site-packages\django\db\backends\utils.py 89 execute 39488 34268 
 	 (0.000) SELECT `auth_permission`.`content_type_id`, `auth_permission`.`codename` FROM `auth_permission` INNER JOIN `django_content_type` ON ( `auth_permission`.`content_type_id` = `django_content_type`.`id` ) WHERE `auth_permission`.`content_type_id` IN (8) ORDER BY `django_content_type`.`app_label` ASC, `django_content_type`.`model` ASC, `auth_permission`.`codename` ASC; args=(8,) 

DEBUG [2018-08-29 20:03:55] C:\Python27\lib\site-packages\django\db\backends\utils.py 89 execute 39488 34268 
 	 (0.001) SELECT `django_content_type`.`id`, `django_content_type`.`app_label`, `django_content_type`.`model` FROM `django_content_type` WHERE `django_content_type`.`app_label` = 'account'; args=('account',) 

DEBUG [2018-08-29 20:03:55] C:\Python27\lib\site-packages\django\db\backends\utils.py 89 execute 39488 34268 
 	 (0.000) SELECT `django_content_type`.`id`, `django_content_type`.`app_label`, `django_content_type`.`model` FROM `django_content_type` WHERE (`django_content_type`.`model` = 'taskmeta' AND `django_content_type`.`app_label` = 'djcelery'); args=('taskmeta', 'djcelery') 

DEBUG [2018-08-29 20:03:55] C:\Python27\lib\site-packages\django\db\backends\utils.py 89 execute 39488 34268 
 	 (0.000) SELECT `django_content_type`.`id`, `django_content_type`.`app_label`, `django_content_type`.`model` FROM `django_content_type` WHERE (`django_content_type`.`model` = 'tasksetmeta' AND `django_content_type`.`app_label` = 'djcelery'); args=('tasksetmeta', 'djcelery') 

DEBUG [2018-08-29 20:03:55] C:\Python27\lib\site-packages\django\db\backends\utils.py 89 execute 39488 34268 
 	 (0.000) SELECT `django_content_type`.`id`, `django_content_type`.`app_label`, `django_content_type`.`model` FROM `django_content_type` WHERE (`django_content_type`.`model` = 'intervalschedule' AND `django_content_type`.`app_label` = 'djcelery'); args=('intervalschedule', 'djcelery') 

DEBUG [2018-08-29 20:03:55] C:\Python27\lib\site-packages\django\db\backends\utils.py 89 execute 39488 34268 
 	 (0.001) SELECT `django_content_type`.`id`, `django_content_type`.`app_label`, `django_content_type`.`model` FROM `django_content_type` WHERE (`django_content_type`.`model` = 'crontabschedule' AND `django_content_type`.`app_label` = 'djcelery'); args=('crontabschedule', 'djcelery') 

DEBUG [2018-08-29 20:03:55] C:\Python27\lib\site-packages\django\db\backends\utils.py 89 execute 39488 34268 
 	 (0.000) SELECT `django_content_type`.`id`, `django_content_type`.`app_label`, `django_content_type`.`model` FROM `django_content_type` WHERE (`django_content_type`.`model` = 'periodictasks' AND `django_content_type`.`app_label` = 'djcelery'); args=('periodictasks', 'djcelery') 

DEBUG [2018-08-29 20:03:55] C:\Python27\lib\site-packages\django\db\backends\utils.py 89 execute 39488 34268 
 	 (0.000) SELECT `django_content_type`.`id`, `django_content_type`.`app_label`, `django_content_type`.`model` FROM `django_content_type` WHERE (`django_content_type`.`model` = 'periodictask' AND `django_content_type`.`app_label` = 'djcelery'); args=('periodictask', 'djcelery') 

DEBUG [2018-08-29 20:03:55] C:\Python27\lib\site-packages\django\db\backends\utils.py 89 execute 39488 34268 
 	 (0.000) SELECT `django_content_type`.`id`, `django_content_type`.`app_label`, `django_content_type`.`model` FROM `django_content_type` WHERE (`django_content_type`.`model` = 'workerstate' AND `django_content_type`.`app_label` = 'djcelery'); args=('workerstate', 'djcelery') 

DEBUG [2018-08-29 20:03:55] C:\Python27\lib\site-packages\django\db\backends\utils.py 89 execute 39488 34268 
 	 (0.000) SELECT `django_content_type`.`id`, `django_content_type`.`app_label`, `django_content_type`.`model` FROM `django_content_type` WHERE (`django_content_type`.`model` = 'taskstate' AND `django_content_type`.`app_label` = 'djcelery'); args=('taskstate', 'djcelery') 

DEBUG [2018-08-29 20:03:55] C:\Python27\lib\site-packages\django\db\backends\utils.py 89 execute 39488 34268 
 	 (0.001) SELECT `auth_permission`.`content_type_id`, `auth_permission`.`codename` FROM `auth_permission` INNER JOIN `django_content_type` ON ( `auth_permission`.`content_type_id` = `django_content_type`.`id` ) WHERE `auth_permission`.`content_type_id` IN (9, 10, 11, 12, 13, 14, 15, 16) ORDER BY `django_content_type`.`app_label` ASC, `django_content_type`.`model` ASC, `auth_permission`.`codename` ASC; args=(9, 10, 11, 12, 13, 14, 15, 16) 

DEBUG [2018-08-29 20:03:55] C:\Python27\lib\site-packages\django\db\backends\utils.py 89 execute 39488 34268 
 	 (0.001) SELECT `django_content_type`.`id`, `django_content_type`.`app_label`, `django_content_type`.`model` FROM `django_content_type` WHERE `django_content_type`.`app_label` = 'djcelery'; args=('djcelery',) 

DEBUG [2018-08-29 20:04:24] C:\Python27\lib\site-packages\django\db\backends\utils.py 89 execute 16156 13200 
 	 (0.000) SET SQL_AUTO_IS_NULL = 0; args=None 

DEBUG [2018-08-29 20:04:24] C:\Python27\lib\site-packages\django\db\backends\utils.py 89 execute 16156 13200 
 	 (0.000) SET SQL_AUTO_IS_NULL = 0; args=None 

DEBUG [2018-08-29 20:04:24] C:\Python27\lib\site-packages\django\db\backends\utils.py 89 execute 16156 13200 
 	 (0.003) SHOW FULL TABLES; args=None 

DEBUG [2018-08-29 20:04:24] C:\Python27\lib\site-packages\django\db\backends\utils.py 89 execute 16156 13200 
 	 (0.001) SELECT `django_migrations`.`app`, `django_migrations`.`name` FROM `django_migrations`; args=() 

DEBUG [2018-08-29 20:04:55] C:\Python27\lib\site-packages\django\db\backends\utils.py 89 execute 16156 41024 
 	 (0.000) SET SQL_AUTO_IS_NULL = 0; args=None 

DEBUG [2018-08-29 20:04:55] C:\Python27\lib\site-packages\django\db\backends\utils.py 89 execute 16156 41024 
 	 (0.001) SELECT `account_bkuser`.`id`, `account_bkuser`.`password`, `account_bkuser`.`last_login`, `account_bkuser`.`is_superuser`, `account_bkuser`.`username`, `account_bkuser`.`chname`, `account_bkuser`.`company`, `account_bkuser`.`qq`, `account_bkuser`.`phone`, `account_bkuser`.`email`, `account_bkuser`.`is_staff`, `account_bkuser`.`date_joined` FROM `account_bkuser` WHERE `account_bkuser`.`username` IS NULL; args=() 

DEBUG [2018-08-29 20:05:16] C:\Python27\lib\site-packages\django\db\backends\utils.py 89 execute 21996 37592 
 	 (0.000) SET SQL_AUTO_IS_NULL = 0; args=None 

DEBUG [2018-08-29 20:05:16] C:\Python27\lib\site-packages\django\db\backends\utils.py 89 execute 21996 37592 
 	 (0.000) SET SQL_AUTO_IS_NULL = 0; args=None 

DEBUG [2018-08-29 20:05:16] C:\Python27\lib\site-packages\django\db\backends\utils.py 89 execute 21996 37592 
 	 (0.004) SHOW FULL TABLES; args=None 

DEBUG [2018-08-29 20:05:16] C:\Python27\lib\site-packages\django\db\backends\utils.py 89 execute 21996 37592 
 	 (0.001) SELECT `django_migrations`.`app`, `django_migrations`.`name` FROM `django_migrations`; args=() 

DEBUG [2018-08-29 20:05:28] C:\Python27\lib\site-packages\django\db\backends\utils.py 89 execute 21996 17304 
 	 (0.001) SET SQL_AUTO_IS_NULL = 0; args=None 

DEBUG [2018-08-29 20:05:28] C:\Python27\lib\site-packages\django\db\backends\utils.py 89 execute 21996 17304 
 	 (0.001) SET SQL_AUTO_IS_NULL = 0; args=None 

DEBUG [2018-08-29 20:05:28] C:\Python27\lib\site-packages\django\db\backends\utils.py 89 execute 21996 17304 
 	 (0.002) SELECT `account_bkuser`.`id`, `account_bkuser`.`password`, `account_bkuser`.`last_login`, `account_bkuser`.`is_superuser`, `account_bkuser`.`username`, `account_bkuser`.`chname`, `account_bkuser`.`company`, `account_bkuser`.`qq`, `account_bkuser`.`phone`, `account_bkuser`.`email`, `account_bkuser`.`is_staff`, `account_bkuser`.`date_joined` FROM `account_bkuser` WHERE `account_bkuser`.`username` = 'admin'; args=(u'admin',) 

DEBUG [2018-08-29 20:05:28] C:\Python27\lib\site-packages\django\db\backends\utils.py 89 execute 21996 17304 
 	 (0.001) UPDATE `account_bkuser` SET `password` = '', `last_login` = '2018-08-25 17:26:25', `is_superuser` = 1, `username` = 'admin', `chname` = '', `company` = '', `qq` = '', `phone` = '', `email` = '', `is_staff` = 1, `date_joined` = '2018-08-25 17:26:25' WHERE `account_bkuser`.`id` = 1; args=(u'', u'2018-08-25 17:26:25', True, u'admin', u'', '', u'', u'', u'', True, u'2018-08-25 17:26:25', 1) 

DEBUG [2018-08-29 20:06:26] C:\Python27\lib\site-packages\django\db\backends\utils.py 89 execute 34508 40328 
 	 (0.000) SET SQL_AUTO_IS_NULL = 0; args=None 

DEBUG [2018-08-29 20:06:26] C:\Python27\lib\site-packages\django\db\backends\utils.py 89 execute 34508 40328 
 	 (0.002) SET SQL_AUTO_IS_NULL = 0; args=None 

DEBUG [2018-08-29 20:06:26] C:\Python27\lib\site-packages\django\db\backends\utils.py 89 execute 34508 40328 
 	 (0.010) SHOW FULL TABLES; args=None 

DEBUG [2018-08-29 20:06:26] C:\Python27\lib\site-packages\django\db\backends\utils.py 89 execute 34508 40328 
 	 (0.004) SELECT `django_migrations`.`app`, `django_migrations`.`name` FROM `django_migrations`; args=() 

DEBUG [2018-08-29 20:11:55] C:\Python27\lib\site-packages\django\db\backends\utils.py 89 execute 14968 8396 
 	 (0.000) SET SQL_AUTO_IS_NULL = 0; args=None 

DEBUG [2018-08-29 20:11:55] C:\Python27\lib\site-packages\django\db\backends\utils.py 89 execute 14968 8396 
 	 (0.000) SET SQL_AUTO_IS_NULL = 0; args=None 

DEBUG [2018-08-29 20:11:55] C:\Python27\lib\site-packages\django\db\backends\utils.py 89 execute 14968 8396 
 	 (0.005) SHOW FULL TABLES; args=None 

DEBUG [2018-08-29 20:11:55] C:\Python27\lib\site-packages\django\db\backends\utils.py 89 execute 14968 8396 
 	 (0.000) SELECT `django_migrations`.`app`, `django_migrations`.`name` FROM `django_migrations`; args=() 

DEBUG [2018-08-29 20:12:05] C:\Python27\lib\site-packages\django\db\backends\utils.py 89 execute 14968 39888 
 	 (0.001) SET SQL_AUTO_IS_NULL = 0; args=None 

DEBUG [2018-08-29 20:12:05] C:\Python27\lib\site-packages\django\db\backends\utils.py 89 execute 14968 39888 
 	 (0.001) SET SQL_AUTO_IS_NULL = 0; args=None 

DEBUG [2018-08-29 20:12:05] C:\Python27\lib\site-packages\django\db\backends\utils.py 89 execute 14968 39888 
 	 (0.003) SELECT `account_bkuser`.`id`, `account_bkuser`.`password`, `account_bkuser`.`last_login`, `account_bkuser`.`is_superuser`, `account_bkuser`.`username`, `account_bkuser`.`chname`, `account_bkuser`.`company`, `account_bkuser`.`qq`, `account_bkuser`.`phone`, `account_bkuser`.`email`, `account_bkuser`.`is_staff`, `account_bkuser`.`date_joined` FROM `account_bkuser` WHERE `account_bkuser`.`username` = 'admin'; args=(u'admin',) 

DEBUG [2018-08-29 20:12:05] C:\Python27\lib\site-packages\django\db\backends\utils.py 89 execute 14968 39888 
 	 (0.001) UPDATE `account_bkuser` SET `password` = '', `last_login` = '2018-08-25 17:26:25', `is_superuser` = 1, `username` = 'admin', `chname` = '', `company` = '', `qq` = '', `phone` = '', `email` = '', `is_staff` = 1, `date_joined` = '2018-08-25 17:26:25' WHERE `account_bkuser`.`id` = 1; args=(u'', u'2018-08-25 17:26:25', True, u'admin', u'', '', u'', u'', u'', True, u'2018-08-25 17:26:25', 1) 

DEBUG [2018-08-29 20:15:13] C:\Python27\lib\site-packages\django\db\backends\utils.py 89 execute 14968 40908 
 	 (0.000) SET SQL_AUTO_IS_NULL = 0; args=None 

DEBUG [2018-08-29 20:15:13] C:\Python27\lib\site-packages\django\db\backends\utils.py 89 execute 14968 40908 
 	 (0.000) SELECT `account_bkuser`.`id`, `account_bkuser`.`password`, `account_bkuser`.`last_login`, `account_bkuser`.`is_superuser`, `account_bkuser`.`username`, `account_bkuser`.`chname`, `account_bkuser`.`company`, `account_bkuser`.`qq`, `account_bkuser`.`phone`, `account_bkuser`.`email`, `account_bkuser`.`is_staff`, `account_bkuser`.`date_joined` FROM `account_bkuser` WHERE `account_bkuser`.`username` IS NULL; args=() 

DEBUG [2018-08-29 20:16:43] C:\Python27\lib\site-packages\django\db\backends\utils.py 89 execute 5076 13200 
 	 (0.001) SET SQL_AUTO_IS_NULL = 0; args=None 

DEBUG [2018-08-29 20:16:44] C:\Python27\lib\site-packages\django\db\backends\utils.py 89 execute 5076 13200 
 	 (0.000) SET SQL_AUTO_IS_NULL = 0; args=None 

DEBUG [2018-08-29 20:16:44] C:\Python27\lib\site-packages\django\db\backends\utils.py 89 execute 5076 13200 
 	 (0.016) SHOW FULL TABLES; args=None 

DEBUG [2018-08-29 20:16:44] C:\Python27\lib\site-packages\django\db\backends\utils.py 89 execute 5076 13200 
 	 (0.004) SELECT `django_migrations`.`app`, `django_migrations`.`name` FROM `django_migrations`; args=() 

DEBUG [2018-08-29 20:18:32] C:\Python27\lib\site-packages\django\db\backends\utils.py 89 execute 40864 11432 
 	 (0.000) SET SQL_AUTO_IS_NULL = 0; args=None 

DEBUG [2018-08-29 20:18:32] C:\Python27\lib\site-packages\django\db\backends\utils.py 89 execute 40864 11432 
 	 (0.000) SET SQL_AUTO_IS_NULL = 0; args=None 

DEBUG [2018-08-29 20:18:32] C:\Python27\lib\site-packages\django\db\backends\utils.py 89 execute 40864 11432 
 	 (0.004) SHOW FULL TABLES; args=None 

DEBUG [2018-08-29 20:18:32] C:\Python27\lib\site-packages\django\db\backends\utils.py 89 execute 40864 11432 
 	 (0.000) SELECT `django_migrations`.`app`, `django_migrations`.`name` FROM `django_migrations`; args=() 

DEBUG [2018-08-29 20:18:55] C:\Python27\lib\site-packages\django\db\backends\utils.py 89 execute 40864 41892 
 	 (0.000) SET SQL_AUTO_IS_NULL = 0; args=None 

DEBUG [2018-08-29 20:18:55] C:\Python27\lib\site-packages\django\db\backends\utils.py 89 execute 40864 41892 
 	 (0.000) SELECT `account_bkuser`.`id`, `account_bkuser`.`password`, `account_bkuser`.`last_login`, `account_bkuser`.`is_superuser`, `account_bkuser`.`username`, `account_bkuser`.`chname`, `account_bkuser`.`company`, `account_bkuser`.`qq`, `account_bkuser`.`phone`, `account_bkuser`.`email`, `account_bkuser`.`is_staff`, `account_bkuser`.`date_joined` FROM `account_bkuser` WHERE `account_bkuser`.`username` IS NULL; args=() 

DEBUG [2018-08-29 20:19:14] C:\Python27\lib\site-packages\django\db\backends\utils.py 89 execute 40864 40020 
 	 (0.000) SET SQL_AUTO_IS_NULL = 0; args=None 

DEBUG [2018-08-29 20:19:14] C:\Python27\lib\site-packages\django\db\backends\utils.py 89 execute 40864 40020 
 	 (0.000) SET SQL_AUTO_IS_NULL = 0; args=None 

DEBUG [2018-08-29 20:19:14] C:\Python27\lib\site-packages\django\db\backends\utils.py 89 execute 40864 40020 
 	 (0.002) SELECT `account_bkuser`.`id`, `account_bkuser`.`password`, `account_bkuser`.`last_login`, `account_bkuser`.`is_superuser`, `account_bkuser`.`username`, `account_bkuser`.`chname`, `account_bkuser`.`company`, `account_bkuser`.`qq`, `account_bkuser`.`phone`, `account_bkuser`.`email`, `account_bkuser`.`is_staff`, `account_bkuser`.`date_joined` FROM `account_bkuser` WHERE `account_bkuser`.`username` = 'admin'; args=(u'admin',) 

DEBUG [2018-08-29 20:19:15] C:\Python27\lib\site-packages\django\db\backends\utils.py 89 execute 40864 40020 
 	 (0.001) UPDATE `account_bkuser` SET `password` = '', `last_login` = '2018-08-25 17:26:25', `is_superuser` = 1, `username` = 'admin', `chname` = '', `company` = '', `qq` = '', `phone` = '', `email` = '', `is_staff` = 1, `date_joined` = '2018-08-25 17:26:25' WHERE `account_bkuser`.`id` = 1; args=(u'', u'2018-08-25 17:26:25', True, u'admin', u'', '', u'', u'', u'', True, u'2018-08-25 17:26:25', 1) 

DEBUG [2018-08-29 20:19:23] C:\Python27\lib\site-packages\django\db\backends\utils.py 89 execute 40864 36432 
 	 (0.001) SET SQL_AUTO_IS_NULL = 0; args=None 

DEBUG [2018-08-29 20:19:23] C:\Python27\lib\site-packages\django\db\backends\utils.py 89 execute 40864 36432 
 	 (0.001) SET SQL_AUTO_IS_NULL = 0; args=None 

DEBUG [2018-08-29 20:19:23] C:\Python27\lib\site-packages\django\db\backends\utils.py 89 execute 40864 36432 
 	 (0.002) SELECT `account_bkuser`.`id`, `account_bkuser`.`password`, `account_bkuser`.`last_login`, `account_bkuser`.`is_superuser`, `account_bkuser`.`username`, `account_bkuser`.`chname`, `account_bkuser`.`company`, `account_bkuser`.`qq`, `account_bkuser`.`phone`, `account_bkuser`.`email`, `account_bkuser`.`is_staff`, `account_bkuser`.`date_joined` FROM `account_bkuser` WHERE `account_bkuser`.`username` = 'admin'; args=(u'admin',) 

DEBUG [2018-08-29 20:19:23] C:\Python27\lib\site-packages\django\db\backends\utils.py 89 execute 40864 36432 
 	 (0.001) UPDATE `account_bkuser` SET `password` = '', `last_login` = '2018-08-25 17:26:25', `is_superuser` = 1, `username` = 'admin', `chname` = '', `company` = '', `qq` = '', `phone` = '', `email` = '', `is_staff` = 1, `date_joined` = '2018-08-25 17:26:25' WHERE `account_bkuser`.`id` = 1; args=(u'', u'2018-08-25 17:26:25', True, u'admin', u'', '', u'', u'', u'', True, u'2018-08-25 17:26:25', 1) 

